<?xml version="1.0" encoding="UTF-8"?>
<!-- Generated by org.testng.reporters.JUnitXMLReporter -->
<testsuite hostname="Ebase-PC" ignored="0" name="Default test" tests="4" failures="0" timestamp="03 Sep 2017 21:49:50 GMT" time="0.055" errors="0">
  <testcase name="charCount" time="0.015" classname="TestScript.Tests"/>
  <testcase name="exceedMaxInputLength" time="0.0" classname="TestScript.Tests"/>
  <testcase name="lengthZero" time="0.002" classname="TestScript.Tests"/>
  <testcase name="negitiveAndZeroNumber" time="0.004" classname="TestScript.Tests"/>
</testsuite> <!-- Default test -->
