<?xml version="1.0" encoding="UTF-8"?>
<testng-results skipped="0" failed="0" ignored="0" total="4" passed="4">
  <reporter-output>
  </reporter-output>
  <suite name="Default suite" duration-ms="55" started-at="2017-09-03T21:49:50Z" finished-at="2017-09-03T21:49:50Z">
    <groups>
    </groups>
    <test name="Default test" duration-ms="55" started-at="2017-09-03T21:49:50Z" finished-at="2017-09-03T21:49:50Z">
      <class name="TestScript.Tests">
        <test-method status="PASS" signature="charCount()[pri:0, instance:TestScript.Tests@4de8b406]" name="charCount" duration-ms="15" started-at="2017-09-03T14:49:50Z" finished-at="2017-09-03T14:49:50Z">
          <reporter-output>
          </reporter-output>
        </test-method> <!-- charCount -->
        <test-method status="PASS" signature="exceedMaxInputLength()[pri:0, instance:TestScript.Tests@4de8b406]" name="exceedMaxInputLength" duration-ms="0" started-at="2017-09-03T14:49:50Z" finished-at="2017-09-03T14:49:50Z">
          <reporter-output>
          </reporter-output>
        </test-method> <!-- exceedMaxInputLength -->
        <test-method status="PASS" signature="lengthZero()[pri:0, instance:TestScript.Tests@4de8b406]" name="lengthZero" duration-ms="2" started-at="2017-09-03T14:49:50Z" finished-at="2017-09-03T14:49:50Z">
          <reporter-output>
          </reporter-output>
        </test-method> <!-- lengthZero -->
        <test-method status="PASS" signature="negitiveAndZeroNumber()[pri:0, instance:TestScript.Tests@4de8b406]" name="negitiveAndZeroNumber" duration-ms="4" started-at="2017-09-03T14:49:50Z" finished-at="2017-09-03T14:49:50Z">
          <reporter-output>
          </reporter-output>
        </test-method> <!-- negitiveAndZeroNumber -->
      </class> <!-- TestScript.Tests -->
    </test> <!-- Default test -->
  </suite> <!-- Default suite -->
</testng-results>
