<?xml version="1.0" encoding="UTF-8"?>
<!-- Generated by org.testng.reporters.JUnitXMLReporter -->
<testsuite hostname="Ebase-PC" name="Command line test" tests="4" failures="0" timestamp="3 Sep 2017 21:49:35 GMT" time="0.047" errors="0">
  <testcase name="charCount" time="0.015" classname="TestScript.Tests"/>
  <testcase name="exceedMaxInputLength" time="0.0" classname="TestScript.Tests"/>
  <testcase name="lengthZero" time="0.0" classname="TestScript.Tests"/>
  <testcase name="negitiveAndZeroNumber" time="0.014" classname="TestScript.Tests"/>
</testsuite> <!-- Command line test -->
