<?xml version="1.0" encoding="UTF-8"?>
<testng-results skipped="0" failed="0" total="4" passed="4">
  <reporter-output>
  </reporter-output>
  <suite name="TestScript.Tests" duration-ms="47" started-at="2017-09-03T21:49:35Z" finished-at="2017-09-03T21:49:35Z">
    <groups>
    </groups>
    <test name="Command line test" duration-ms="47" started-at="2017-09-03T21:49:35Z" finished-at="2017-09-03T21:49:35Z">
      <class name="TestScript.Tests">
        <test-method status="PASS" signature="charCount()[pri:0, instance:TestScript.Tests@35bbe5e8]" name="charCount" duration-ms="15" started-at="2017-09-03T14:49:35Z" finished-at="2017-09-03T14:49:35Z">
          <reporter-output>
          </reporter-output>
        </test-method> <!-- charCount -->
        <test-method status="PASS" signature="lengthZero()[pri:0, instance:TestScript.Tests@35bbe5e8]" name="lengthZero" duration-ms="0" started-at="2017-09-03T14:49:35Z" finished-at="2017-09-03T14:49:35Z">
          <reporter-output>
          </reporter-output>
        </test-method> <!-- lengthZero -->
        <test-method status="PASS" signature="negitiveAndZeroNumber()[pri:0, instance:TestScript.Tests@35bbe5e8]" name="negitiveAndZeroNumber" duration-ms="14" started-at="2017-09-03T14:49:35Z" finished-at="2017-09-03T14:49:35Z">
          <reporter-output>
          </reporter-output>
        </test-method> <!-- negitiveAndZeroNumber -->
        <test-method status="PASS" signature="exceedMaxInputLength()[pri:0, instance:TestScript.Tests@35bbe5e8]" name="exceedMaxInputLength" duration-ms="0" started-at="2017-09-03T14:49:35Z" finished-at="2017-09-03T14:49:35Z">
          <reporter-output>
          </reporter-output>
        </test-method> <!-- exceedMaxInputLength -->
      </class> <!-- TestScript.Tests -->
    </test> <!-- Command line test -->
  </suite> <!-- TestScript.Tests -->
</testng-results>
